<?xml version="1.0" encoding="UTF-8"?>
<!-- Generated by org.testng.reporters.JUnitReportReporter -->
<testsuite skipped="0" hostname="YuvalW-PC" name="com.expedia.flightsbooking.TestNG_Grouping" tests="2" failures="0" timestamp="27 מרץ 2018 17:51:33 GMT" time="0.001" errors="0">
  <testcase name="testAudiA6" time="0.001" classname="com.expedia.flightsbooking.TestNG_Grouping"/>
  <testcase name="testBMWX6" time="0.000" classname="com.expedia.flightsbooking.TestNG_Grouping"/>
</testsuite> <!-- com.expedia.flightsbooking.TestNG_Grouping -->
