<?xml version="1.0" encoding="UTF-8"?>
<!-- Generated by org.testng.reporters.JUnitReportReporter -->
<testsuite skipped="0" hostname="YuvalW-PC" name="com.expedia.flightsbooking.TestNG_TestSuite" tests="1" failures="0" timestamp="27 מרץ 2018 17:39:52 GMT" time="2.626" errors="0">
  <testcase name="fillBasicInfo" time="2.626" classname="com.expedia.flightsbooking.TestNG_TestSuite"/>
</testsuite> <!-- com.expedia.flightsbooking.TestNG_TestSuite -->
